2026-02-06 09:19:03,855-INFO-Database table checked/created
2026-02-06 09:19:03,861-INFO-Task blueprint registered
2026-02-06 09:19:03,862-INFO-Application Started
2026-02-06 09:19:04,060-INFO-[31m[1mWARNING: This is a development server. Do not use it in a production deployment. Use a production WSGI server instead.[0m
 * Running on http://127.0.0.1:5000
2026-02-06 09:19:04,061-INFO-[33mPress CTRL+C to quit[0m
2026-02-06 09:19:04,066-INFO- * Restarting with stat
2026-02-06 09:19:04,670-INFO-Database table checked/created
2026-02-06 09:19:04,672-INFO-Task blueprint registered
2026-02-06 09:19:04,673-INFO-Application Started
2026-02-06 09:19:04,707-WARNING- * Debugger is active!
2026-02-06 09:19:04,721-INFO- * Debugger PIN: 915-983-380
2026-02-06 09:24:19,601-INFO-Database table checked/created
2026-02-06 09:24:19,604-INFO-Task blueprint registered
2026-02-06 09:24:19,604-INFO-Application Started
2026-02-06 09:24:19,666-INFO-[31m[1mWARNING: This is a development server. Do not use it in a production deployment. Use a production WSGI server instead.[0m
 * Running on http://127.0.0.1:5000
2026-02-06 09:24:19,668-INFO-[33mPress CTRL+C to quit[0m
2026-02-06 09:24:19,671-INFO- * Restarting with stat
2026-02-06 09:24:20,234-INFO-Database table checked/created
2026-02-06 09:24:20,239-INFO-Task blueprint registered
2026-02-06 09:24:20,239-INFO-Application Started
2026-02-06 09:24:20,276-WARNING- * Debugger is active!
2026-02-06 09:24:20,280-INFO- * Debugger PIN: 915-983-380
2026-02-06 09:24:35,812-INFO-127.0.0.1 - - [06/Feb/2026 09:24:35] "GET /task HTTP/1.1" 200 -
2026-02-06 09:24:36,969-INFO-127.0.0.1 - - [06/Feb/2026 09:24:36] "[33mGET /favicon.ico HTTP/1.1[0m" 404 -
2026-02-06 09:25:22,863-WARNING-Task Creation failed title missing
2026-02-06 09:25:22,864-INFO-127.0.0.1 - - [06/Feb/2026 09:25:22] "[31m[1mPOST /task HTTP/1.1[0m" 400 -
2026-02-06 09:29:13,662-INFO-Task added successfully
2026-02-06 09:29:13,663-INFO-127.0.0.1 - - [06/Feb/2026 09:29:13] "POST /task HTTP/1.1" 200 -
2026-02-06 09:29:19,661-INFO-127.0.0.1 - - [06/Feb/2026 09:29:19] "GET /task HTTP/1.1" 200 -
2026-02-06 09:47:33,234-INFO-Database table checked/created
2026-02-06 09:47:33,239-INFO-Task blueprint registered
2026-02-06 09:47:33,239-INFO-Application Started
2026-02-06 09:47:33,350-INFO-[31m[1mWARNING: This is a development server. Do not use it in a production deployment. Use a production WSGI server instead.[0m
 * Running on http://127.0.0.1:5000
2026-02-06 09:47:33,350-INFO-[33mPress CTRL+C to quit[0m
2026-02-06 09:47:33,354-INFO- * Restarting with stat
2026-02-06 09:47:34,086-INFO-Database table checked/created
2026-02-06 09:47:34,089-INFO-Task blueprint registered
2026-02-06 09:47:34,089-INFO-Application Started
2026-02-06 09:47:34,130-WARNING- * Debugger is active!
2026-02-06 09:47:34,135-INFO- * Debugger PIN: 915-983-380
2026-02-06 09:47:39,168-INFO-Tasks are fetched
2026-02-06 09:47:39,169-INFO-127.0.0.1 - - [06/Feb/2026 09:47:39] "GET /task HTTP/1.1" 200 -
2026-02-06 09:47:58,057-INFO-One record matching id is selected
2026-02-06 09:47:58,057-INFO-One record matching id is fetched
2026-02-06 09:47:58,068-INFO-Selected Record is deleted
2026-02-06 09:47:58,069-INFO-127.0.0.1 - - [06/Feb/2026 09:47:58] "DELETE /task/7 HTTP/1.1" 200 -
2026-02-09 09:07:56,219-INFO-Database table checked/created
2026-02-09 09:07:56,222-INFO-Task blueprint registered
2026-02-09 09:07:56,222-INFO-Application Started
2026-02-09 09:07:56,324-INFO-[31m[1mWARNING: This is a development server. Do not use it in a production deployment. Use a production WSGI server instead.[0m
 * Running on http://127.0.0.1:5000
2026-02-09 09:07:56,324-INFO-[33mPress CTRL+C to quit[0m
2026-02-09 09:07:56,327-INFO- * Restarting with stat
2026-02-09 09:07:57,029-INFO-Database table checked/created
2026-02-09 09:07:57,031-INFO-Task blueprint registered
2026-02-09 09:07:57,031-INFO-Application Started
2026-02-09 09:07:57,076-WARNING- * Debugger is active!
2026-02-09 09:07:57,080-INFO- * Debugger PIN: 915-983-380
